<?xml version="1.0" encoding="UTF-8"?>
<coverage generated="1720011585311" clover="3.2.0">
  <project timestamp="1720011585311" name="All files">
    <metrics statements="27" coveredstatements="25" conditionals="17" coveredconditionals="14" methods="8" coveredmethods="8" elements="52" coveredelements="47" complexity="0" loc="27" ncloc="27" packages="1" files="1" classes="1"/>
    <file name="useBLE.ts" path="/Users/mobilefirst/Documents/Projects/ble-device-scanner/app/hooks/useBLE.ts">
      <metrics statements="27" coveredstatements="25" conditionals="17" coveredconditionals="14" methods="8" coveredmethods="8"/>
      <line num="18" count="15" type="stmt"/>
      <line num="21" count="15" type="stmt"/>
      <line num="24" count="15" type="stmt"/>
      <line num="25" count="6" type="cond" truecount="2" falsecount="0"/>
      <line num="26" count="5" type="cond" truecount="1" falsecount="1"/>
      <line num="28" count="5" type="cond" truecount="2" falsecount="0"/>
      <line num="29" count="3" type="stmt"/>
      <line num="37" count="3" type="stmt"/>
      <line num="38" count="2" type="cond" truecount="1" falsecount="1"/>
      <line num="39" count="2" type="stmt"/>
      <line num="44" count="2" type="stmt"/>
      <line num="51" count="0" type="stmt"/>
      <line num="59" count="0" type="stmt"/>
      <line num="63" count="1" type="stmt"/>
      <line num="68" count="15" type="stmt"/>
      <line num="69" count="5" type="stmt"/>
      <line num="72" count="15" type="stmt"/>
      <line num="73" count="4" type="stmt"/>
      <line num="74" count="6" type="cond" truecount="2" falsecount="0"/>
      <line num="75" count="1" type="stmt"/>
      <line num="76" count="1" type="stmt"/>
      <line num="78" count="5" type="cond" truecount="1" falsecount="1"/>
      <line num="79" count="5" type="stmt"/>
      <line num="80" count="5" type="cond" truecount="2" falsecount="0"/>
      <line num="81" count="4" type="stmt"/>
      <line num="83" count="1" type="stmt"/>
      <line num="89" count="15" type="stmt"/>
    </file>
  </project>
</coverage>
