{"/Users/mobilefirst/Documents/Projects/ble-device-scanner/app/hooks/useBLE.ts": {"path":"/Users/mobilefirst/Documents/Projects/ble-device-scanner/app/hooks/useBLE.ts","statementMap":{"0":{"start":{"line":18,"column":21},"end":{"line":18,"column":56}},"1":{"start":{"line":18,"column":35},"end":{"line":18,"column":51}},"2":{"start":{"line":21,"column":38},"end":{"line":21,"column":60}},"3":{"start":{"line":24,"column":29},"end":{"line":65,"column":3}},"4":{"start":{"line":25,"column":4},"end":{"line":64,"column":5}},"5":{"start":{"line":26,"column":23},"end":{"line":26,"column":55}},"6":{"start":{"line":28,"column":6},"end":{"line":60,"column":7}},"7":{"start":{"line":29,"column":24},"end":{"line":36,"column":9}},"8":{"start":{"line":37,"column":8},"end":{"line":37,"column":62}},"9":{"start":{"line":38,"column":13},"end":{"line":60,"column":7}},"10":{"start":{"line":39,"column":23},"end":{"line":43,"column":10}},"11":{"start":{"line":44,"column":8},"end":{"line":48,"column":10}},"12":{"start":{"line":51,"column":24},"end":{"line":58,"column":9}},"13":{"start":{"line":59,"column":8},"end":{"line":59,"column":62}},"14":{"start":{"line":63,"column":6},"end":{"line":63,"column":18}},"15":{"start":{"line":68,"column":27},"end":{"line":69,"column":67}},"16":{"start":{"line":69,"column":4},"end":{"line":69,"column":67}},"17":{"start":{"line":69,"column":34},"end":{"line":69,"column":61}},"18":{"start":{"line":72,"column":29},"end":{"line":87,"column":3}},"19":{"start":{"line":73,"column":4},"end":{"line":86,"column":7}},"20":{"start":{"line":74,"column":6},"end":{"line":77,"column":7}},"21":{"start":{"line":75,"column":8},"end":{"line":75,"column":27}},"22":{"start":{"line":76,"column":8},"end":{"line":76,"column":15}},"23":{"start":{"line":78,"column":6},"end":{"line":85,"column":7}},"24":{"start":{"line":79,"column":8},"end":{"line":84,"column":11}},"25":{"start":{"line":80,"column":10},"end":{"line":82,"column":11}},"26":{"start":{"line":81,"column":12},"end":{"line":81,"column":42}},"27":{"start":{"line":83,"column":10},"end":{"line":83,"column":27}},"28":{"start":{"line":89,"column":2},"end":{"line":93,"column":4}}},"fnMap":{"0":{"name":"useBLE","decl":{"start":{"line":16,"column":9},"end":{"line":16,"column":15}},"loc":{"start":{"line":16,"column":41},"end":{"line":94,"column":1}},"line":16},"1":{"name":"(anonymous_1)","decl":{"start":{"line":18,"column":29},"end":{"line":18,"column":30}},"loc":{"start":{"line":18,"column":35},"end":{"line":18,"column":51}},"line":18},"2":{"name":"(anonymous_2)","decl":{"start":{"line":24,"column":29},"end":{"line":24,"column":30}},"loc":{"start":{"line":24,"column":41},"end":{"line":65,"column":3}},"line":24},"3":{"name":"(anonymous_3)","decl":{"start":{"line":68,"column":27},"end":{"line":68,"column":28}},"loc":{"start":{"line":69,"column":4},"end":{"line":69,"column":67}},"line":69},"4":{"name":"(anonymous_4)","decl":{"start":{"line":69,"column":22},"end":{"line":69,"column":23}},"loc":{"start":{"line":69,"column":34},"end":{"line":69,"column":61}},"line":69},"5":{"name":"(anonymous_5)","decl":{"start":{"line":72,"column":29},"end":{"line":72,"column":30}},"loc":{"start":{"line":72,"column":35},"end":{"line":87,"column":3}},"line":72},"6":{"name":"(anonymous_6)","decl":{"start":{"line":73,"column":43},"end":{"line":73,"column":44}},"loc":{"start":{"line":73,"column":62},"end":{"line":86,"column":5}},"line":73},"7":{"name":"(anonymous_7)","decl":{"start":{"line":79,"column":22},"end":{"line":79,"column":23}},"loc":{"start":{"line":79,"column":37},"end":{"line":84,"column":9}},"line":79}},"branchMap":{"0":{"loc":{"start":{"line":25,"column":4},"end":{"line":64,"column":5}},"type":"if","locations":[{"start":{"line":25,"column":4},"end":{"line":64,"column":5}},{"start":{"line":61,"column":11},"end":{"line":64,"column":5}}],"line":25},"1":{"loc":{"start":{"line":26,"column":23},"end":{"line":26,"column":55}},"type":"binary-expr","locations":[{"start":{"line":26,"column":23},"end":{"line":26,"column":50}},{"start":{"line":26,"column":54},"end":{"line":26,"column":55}}],"line":26},"2":{"loc":{"start":{"line":28,"column":6},"end":{"line":60,"column":7}},"type":"if","locations":[{"start":{"line":28,"column":6},"end":{"line":60,"column":7}},{"start":{"line":38,"column":13},"end":{"line":60,"column":7}}],"line":28},"3":{"loc":{"start":{"line":38,"column":13},"end":{"line":60,"column":7}},"type":"if","locations":[{"start":{"line":38,"column":13},"end":{"line":60,"column":7}},{"start":{"line":49,"column":13},"end":{"line":60,"column":7}}],"line":38},"4":{"loc":{"start":{"line":45,"column":10},"end":{"line":47,"column":98}},"type":"binary-expr","locations":[{"start":{"line":45,"column":10},"end":{"line":45,"column":92}},{"start":{"line":46,"column":10},"end":{"line":46,"column":95}},{"start":{"line":47,"column":10},"end":{"line":47,"column":98}}],"line":45},"5":{"loc":{"start":{"line":74,"column":6},"end":{"line":77,"column":7}},"type":"if","locations":[{"start":{"line":74,"column":6},"end":{"line":77,"column":7}},{"start":{},"end":{}}],"line":74},"6":{"loc":{"start":{"line":78,"column":6},"end":{"line":85,"column":7}},"type":"if","locations":[{"start":{"line":78,"column":6},"end":{"line":85,"column":7}},{"start":{},"end":{}}],"line":78},"7":{"loc":{"start":{"line":80,"column":10},"end":{"line":82,"column":11}},"type":"if","locations":[{"start":{"line":80,"column":10},"end":{"line":82,"column":11}},{"start":{},"end":{}}],"line":80}},"s":{"0":15,"1":10,"2":15,"3":15,"4":6,"5":5,"6":5,"7":3,"8":3,"9":2,"10":2,"11":2,"12":0,"13":0,"14":1,"15":15,"16":5,"17":2,"18":15,"19":4,"20":6,"21":1,"22":1,"23":5,"24":5,"25":5,"26":4,"27":1,"28":15},"f":{"0":15,"1":10,"2":6,"3":5,"4":2,"5":4,"6":6,"7":5},"b":{"0":[5,1],"1":[5,0],"2":[3,2],"3":[2,0],"4":[2,1,1],"5":[1,5],"6":[5,0],"7":[4,1]},"_coverageSchema":"1a1c01bbd47fc00a2c39e90264f33305004495a9","hash":"fea985ce99a88604c4a06c8dad79cd2ff036eabd"}
}
