TN:
SF:app/hooks/useBLE.ts
FN:16,useBLE
FN:18,(anonymous_1)
FN:24,(anonymous_2)
FN:68,(anonymous_3)
FN:69,(anonymous_4)
FN:72,(anonymous_5)
FN:73,(anonymous_6)
FN:79,(anonymous_7)
FNF:8
FNH:8
FNDA:15,useBLE
FNDA:10,(anonymous_1)
FNDA:6,(anonymous_2)
FNDA:5,(anonymous_3)
FNDA:2,(anonymous_4)
FNDA:4,(anonymous_5)
FNDA:6,(anonymous_6)
FNDA:5,(anonymous_7)
DA:18,15
DA:21,15
DA:24,15
DA:25,6
DA:26,5
DA:28,5
DA:29,3
DA:37,3
DA:38,2
DA:39,2
DA:44,2
DA:51,0
DA:59,0
DA:63,1
DA:68,15
DA:69,5
DA:72,15
DA:73,4
DA:74,6
DA:75,1
DA:76,1
DA:78,5
DA:79,5
DA:80,5
DA:81,4
DA:83,1
DA:89,15
LF:27
LH:25
BRDA:25,0,0,5
BRDA:25,0,1,1
BRDA:26,1,0,5
BRDA:26,1,1,0
BRDA:28,2,0,3
BRDA:28,2,1,2
BRDA:38,3,0,2
BRDA:38,3,1,0
BRDA:45,4,0,2
BRDA:45,4,1,1
BRDA:45,4,2,1
BRDA:74,5,0,1
BRDA:74,5,1,5
BRDA:78,6,0,5
BRDA:78,6,1,0
BRDA:80,7,0,4
BRDA:80,7,1,1
BRF:17
BRH:14
end_of_record
